<?xml version="1.0" encoding="UTF-8"?>
<testsuite xmlns:xsi="http://www.w3.org/2001/XMLSchema-instance" xsi:noNamespaceSchemaLocation="https://maven.apache.org/surefire/maven-surefire-plugin/xsd/surefire-test-report.xsd" name="org.apache.zookeeper.test.KeeperStateTest" time="0.2" tests="4" errors="0" skipped="0" failures="0">
  <properties>
[...]
</properties>
  <testcase name="testDeprecatedCodeOkInSwitch" classname="org.apache.zookeeper.test.KeeperStateTest" time="0.038"/>
  <testcase name="testCodeOKInSwitch" classname="org.apache.zookeeper.test.KeeperStateTest" time="0.005"/>
  <testcase name="testIntConversion" classname="org.apache.zookeeper.test.KeeperStateTest" time="0.002"/>
  <testcase name="testInvalidIntConversion" classname="org.apache.zookeeper.test.KeeperStateTest" time="0.001"/>
</testsuite>